\BOOKMARK [1][-]{section.1}{\376\377\000N\000a\000l\000o\000g\000a\000\040\000i\000n\000\040\000z\000a\000s\000n\000o\000v\000a\000\040\000o\000m\000r\000e\001\176\000j\000a}{}% 1
\BOOKMARK [2][-]{subsection.1.1}{\376\377\000C\000i\000l\000j\000i\000\040\000n\000a\000l\000o\000g\000e}{section.1}% 2
\BOOKMARK [2][-]{subsection.1.2}{\376\377\000O\000p\000r\000e\000d\000e\000l\000i\000t\000e\000v\000\040\000s\000e\000g\000m\000e\000n\000t\000o\000v}{section.1}% 3
\BOOKMARK [2][-]{subsection.1.3}{\376\377\000I\000z\000o\000l\000a\000c\000i\000j\000a\000\040\000s\000e\000g\000m\000e\000n\000t\000o\000v}{section.1}% 4
\BOOKMARK [2][-]{subsection.1.4}{\376\377\000N\000a\001\015\000r\000t\000\040\000p\000o\001\176\000a\000r\000n\000e\000g\000a\000\040\000z\000i\000d\000u\000\040\000\050\000v\000i\000s\000o\000k\000a\000\040\000r\000a\000v\000e\000n\000\051}{section.1}% 5
\BOOKMARK [1][-]{section.2}{\376\377\000O\000s\000n\000o\000v\000n\000e\000\040\000i\000n\000f\000o\000r\000m\000a\000c\000i\000j\000e}{}% 6
\BOOKMARK [1][-]{section.3}{\376\377\000O\000m\000r\000e\001\176\000n\000i\000\040\000v\000m\000e\000s\000n\000i\000k\000i}{}% 7
\BOOKMARK [1][-]{section.4}{\376\377\000P\000r\000i\000v\000z\000e\000t\000e\000\040\000u\000s\000m\000e\000r\000i\000t\000v\000e\000\040\000\050\000s\000t\000a\000t\000i\001\015\000n\000e\000\040\000u\000s\000m\000e\000r\000i\000t\000v\000e\000\051}{}% 8
\BOOKMARK [1][-]{section.5}{\376\377\000N\000A\000T\000\040\000\050\000I\000P\000v\0004\000\051}{}% 9
\BOOKMARK [1][-]{section.6}{\376\377\000D\000M\000Z\000\040\000s\000t\000r\000e\001\176\000n\000i\000k\000i\000\040\000\050\000v\000s\000i\000\040\000v\000\040\000o\000m\000r\000e\001\176\000j\000u\000\040\0001\0009\0002\000.\0001\0006\0008\000.\0001\0001\000.\0000\000/\0002\0004\000\051}{}% 10
\BOOKMARK [2][-]{subsection.6.1}{\376\377\000P\000r\000e\000g\000l\000e\000d\000\040\000s\000t\000r\000e\001\176\000n\000i\000k\000o\000v}{section.6}% 11
\BOOKMARK [2][-]{subsection.6.2}{\376\377\000D\000H\000C\000P\000\040\000-\000\040\000s\000t\000a\000t\000i\001\015\000n\000e\000\040\000m\000a\000p\000e}{section.6}% 12
\BOOKMARK [1][-]{section.7}{\376\377\000N\000A\000T\000\040\000i\000n\000\040\000p\000r\000e\000u\000s\000m\000e\000r\000i\000t\000v\000e\000\040\000v\000r\000a\000t}{}% 13
\BOOKMARK [2][-]{subsection.7.1}{\376\377\000I\000P\000v\0004\000\040\000D\000N\000A\000T\000\040\000\050\000p\000o\000r\000t\000\040\000f\000o\000r\000w\000a\000r\000d\000i\000n\000g\000\051}{section.7}% 14
\BOOKMARK [2][-]{subsection.7.2}{\376\377\000I\000P\000v\0004\000\040\000s\000o\000u\000r\000c\000e\000\040\000N\000A\000T\000\040\000\050\000m\000a\000s\000q\000u\000e\000r\000a\000d\000e\000\051}{section.7}% 15
\BOOKMARK [2][-]{subsection.7.3}{\376\377\000N\000A\000T\0006\0006\000\040\000\050\000N\000P\000T\000v\0006\000,\000\040\000I\000P\000v\0006\000-\000t\000o\000-\000I\000P\000v\0006\000\040\000N\000e\000t\000w\000o\000r\000k\000\040\000P\000r\000e\000f\000i\000x\000\040\000T\000r\000a\000n\000s\000l\000a\000t\000i\000o\000n\000\040\000-\000\040\000R\000F\000C\000\040\0006\0002\0009\0006\000\051}{section.7}% 16
\BOOKMARK [1][-]{section.8}{\376\377\000V\000a\000r\000n\000o\000s\000t\000\040\000\050\000f\000i\000r\000e\000w\000a\000l\000l\000\051}{}% 17
\BOOKMARK [2][-]{subsection.8.1}{\376\377\000I\000P\000v\0004\000\040\000-\000\040\000v\000h\000o\000d\000n\000i\000\040\000p\000r\000o\000m\000e\000t\000\040\000\050\000i\000n\000p\000u\000t\000\051}{section.8}% 18
\BOOKMARK [2][-]{subsection.8.2}{\376\377\000I\000P\000v\0004\000\040\000-\000\040\000f\000o\000r\000w\000a\000r\000d\000\040\000\050\000p\000o\000s\000r\000e\000d\000o\000v\000a\000n\000j\000e\000\051}{section.8}% 19
\BOOKMARK [2][-]{subsection.8.3}{\376\377\000I\000P\000v\0006\000\040\000-\000\040\000v\000h\000o\000d\000n\000i\000\040\000p\000r\000o\000m\000e\000t\000\040\000i\000n\000\040\000p\000o\000s\000r\000e\000d\000o\000v\000a\000n\000j\000e}{section.8}% 20
\BOOKMARK [1][-]{section.9}{\376\377\000S\000t\000o\000r\000i\000t\000v\000e}{}% 21
\BOOKMARK [2][-]{subsection.9.1}{\376\377\000D\000H\000C\000P\000\040\000\050\000I\000P\000v\0004\000\051}{section.9}% 22
\BOOKMARK [2][-]{subsection.9.2}{\376\377\000D\000H\000C\000P\000v\0006}{section.9}% 23
\BOOKMARK [2][-]{subsection.9.3}{\376\377\000D\000N\000S\000\040\000\050\000p\000o\000s\000r\000e\000d\000o\000v\000a\000n\000j\000e\000\040\000i\000n\000\040\000s\000p\000l\000i\000t\000\040\000D\000N\000S\000\051}{section.9}% 24
\BOOKMARK [3][-]{subsubsection.9.3.1}{\376\377\000T\000r\000e\000n\000u\000t\000n\000o\000\040\000s\000t\000a\000n\000j\000e\000\040\000A\000D\000\040\000D\000N\000S}{subsection.9.3}% 25
\BOOKMARK [3][-]{subsubsection.9.3.2}{\376\377\000S\000p\000l\000i\000t\000\040\000D\000N\000S\000\040\000\050\000d\000n\000s\000m\000a\000s\000q\000\051}{subsection.9.3}% 26
\BOOKMARK [3][-]{subsubsection.9.3.3}{\376\377\000d\000n\000s\000m\000a\000s\000q\000\040\000-\000\040\000a\000k\000t\000i\000v\000n\000a\000\040\000k\000o\000n\000f\000i\000g\000u\000r\000a\000c\000i\000j\000a\000\040\000i\000n\000\040\000p\000o\000n\000o\000v\000n\000a\000\040\000p\000o\000s\000t\000a\000v\000i\000t\000e\000v}{subsection.9.3}% 27
\BOOKMARK [3][-]{subsubsection.9.3.4}{\376\377\000m\000D\000N\000S\000\040\000i\000n\000\040\000s\000y\000s\000t\000e\000m\000d\000-\000r\000e\000s\000o\000l\000v\000e\000d\000:\000\040\000r\000e\001\141\000i\000t\000e\000v\000\040\000z\000a\000\040\000.\000l\000o\000c\000a\000l}{subsection.9.3}% 28
\BOOKMARK [2][-]{subsection.9.4}{\376\377\000w\000g\000-\000p\000o\000r\000t\000a\000l\000\040\000\050\000W\000i\000r\000e\000G\000u\000a\000r\000d\000\040\000p\000o\000r\000t\000a\000l\000\051\000\040\000i\000n\000\040\000i\000n\000t\000e\000g\000r\000a\000c\000i\000j\000a\000\040\000z\000\040\000A\000c\000t\000i\000v\000e\000\040\000D\000i\000r\000e\000c\000t\000o\000r\000y}{section.9}% 29
\BOOKMARK [2][-]{subsection.9.5}{\376\377\000N\000T\000P}{section.9}% 30
\BOOKMARK [2][-]{subsection.9.6}{\376\377\000S\000N\000M\000P\000\040\000i\000n\000\040\000m\000o\000n\000i\000t\000o\000r\000i\000n\000g}{section.9}% 31
\BOOKMARK [2][-]{subsection.9.7}{\376\377\000R\000o\000u\000t\000e\000r\000\040\000A\000d\000v\000e\000r\000t\000i\000s\000e\000m\000e\000n\000t\000s\000\040\000\050\000R\000A\000\051}{section.9}% 32
\BOOKMARK [2][-]{subsection.9.8}{\376\377\000S\000S\000H}{section.9}% 33
\BOOKMARK [1][-]{section.10}{\376\377\000S\000i\000s\000t\000e\000m}{}% 34
\BOOKMARK [2][-]{subsection.10.1}{\376\377\000U\000p\000o\000r\000a\000b\000n\000i\000k\000i\000\040\000i\000n\000\040\000k\000l\000j\000u\001\015\000i}{section.10}% 35
\BOOKMARK [2][-]{subsection.10.2}{\376\377\000U\000p\000o\000r\000a\000b\000n\000i\001\141\000k\000a\000\040\000i\000m\000e\000n\000a}{section.10}% 36
\BOOKMARK [2][-]{subsection.10.3}{\376\377\000S\000p\000l\000o\001\141\000n\000o\000\040\000g\000e\000s\000l\000o}{section.10}% 37
\BOOKMARK [1][-]{section.11}{\376\377\000U\000p\000r\000a\000v\000l\000j\000a\000n\000j\000e\000\040\000s\000\040\000k\000o\000n\000f\000i\000g\000u\000r\000a\000c\000i\000j\000a\000m\000i}{}% 38
\BOOKMARK [2][-]{subsection.11.1}{\376\377\000N\000a\000l\000a\000g\000a\000n\000j\000e\000\040\000c\000e\000l\000o\000t\000n\000e\000\040\000k\000o\000n\000f\000i\000g\000u\000r\000a\000c\000i\000j\000e}{section.11}% 39
\BOOKMARK [2][-]{subsection.11.2}{\376\377\000A\000p\000l\000i\000c\000i\000r\000a\000n\000j\000e\000\040\000s\000e\000z\000n\000a\000m\000a\000\040\000u\000k\000a\000z\000o\000v}{section.11}% 40
\BOOKMARK [2][-]{subsection.11.3}{\376\377\000O\000p\000o\000z\000o\000r\000i\000l\000o\000\040\000p\000r\000i\000\040\000u\000p\000o\000r\000a\000b\000i}{section.11}% 41
\BOOKMARK [1][-]{section.12}{\376\377\000W\000i\000r\000e\000G\000u\000a\000r\000d}{}% 42
\BOOKMARK [2][-]{subsection.12.1}{\376\377\000S\000p\000l\000o\001\141\000n\000e\000\040\000i\000n\000f\000o\000r\000m\000a\000c\000i\000j\000e}{section.12}% 43
\BOOKMARK [2][-]{subsection.12.2}{\376\377\000D\000o\000s\000t\000o\000p\000\040\000i\000n\000\040\000p\000o\000r\000t}{section.12}% 44
\BOOKMARK [2][-]{subsection.12.3}{\376\377\000U\000p\000r\000a\000v\000l\000j\000a\000n\000j\000e\000\040\000V\000P\000N\000\040\000u\000p\000o\000r\000a\000b\000n\000i\000k\000o\000v}{section.12}% 45
\BOOKMARK [2][-]{subsection.12.4}{\376\377\000P\000o\000s\000k\000u\000s\000\040\000z\000\040\000w\000g\000-\000p\000o\000r\000t\000a\000l}{section.12}% 46
\BOOKMARK [2][-]{subsection.12.5}{\376\377\000K\000o\000n\000f\000i\000g\000u\000r\000a\000c\000i\000j\000a\000\040\000i\000n\000\040\000n\000a\000s\000t\000a\000v\000i\000t\000v\000e}{section.12}% 47
\BOOKMARK [2][-]{subsection.12.6}{\376\377\000O\000d\000p\000r\000a\000v\000l\000j\000a\000n\000j\000e\000\040\000t\000e\001\176\000a\000v}{section.12}% 48
\BOOKMARK [1][-]{section.13}{\376\377\000A\000c\000t\000i\000v\000e\000\040\000D\000i\000r\000e\000c\000t\000o\000r\000y\000\040\000\050\000W\000i\000n\000d\000o\000w\000s\000\040\000S\000e\000r\000v\000e\000r\000\051}{}% 49
\BOOKMARK [2][-]{subsection.13.1}{\376\377\000O\000s\000n\000o\000v\000n\000e\000\040\000i\000n\000f\000o\000r\000m\000a\000c\000i\000j\000e}{section.13}% 50
\BOOKMARK [2][-]{subsection.13.2}{\376\377\000U\000s\000t\000v\000a\000r\000j\000a\000n\000j\000e\000\040\000u\000p\000o\000r\000a\000b\000n\000i\000k\000o\000v\000\040\000v\000\040\000A\000c\000t\000i\000v\000e\000\040\000D\000i\000r\000e\000c\000t\000o\000r\000y}{section.13}% 51
\BOOKMARK [2][-]{subsection.13.3}{\376\377\000U\000p\000r\000a\000v\000l\000j\000a\000n\000j\000e\000\040\000u\000p\000o\000r\000a\000b\000n\000i\000k\000o\000v}{section.13}% 52
\BOOKMARK [2][-]{subsection.13.4}{\376\377\000P\000r\000i\000j\000a\000v\000a\000\040\000v\000\040\000d\000o\000m\000e\000n\000o}{section.13}% 53
\BOOKMARK [2][-]{subsection.13.5}{\376\377\000D\000o\000d\000a\000t\000n\000e\000\040\000i\000n\000f\000o\000r\000m\000a\000c\000i\000j\000e}{section.13}% 54
\BOOKMARK [2][-]{subsection.13.6}{\376\377\000U\000p\000r\000a\000v\000l\000j\000a\000n\000j\000e\000\040\000A\000D\000\040\000D\000N\000S\000\040\000s\000t\000r\000e\000z\000n\000i\000k\000a}{section.13}% 55
\BOOKMARK [1][-]{section.14}{\376\377\000R\000E\000S\000T}{}% 56
\BOOKMARK [2][-]{subsection.14.1}{\376\377\000A\000r\000h\000i\000t\000e\000k\000t\000u\000r\000a}{section.14}% 57
\BOOKMARK [2][-]{subsection.14.2}{\376\377\000K\000o\000n\000f\000i\000g\000u\000r\000a\000c\000i\000j\000a}{section.14}% 58
\BOOKMARK [2][-]{subsection.14.3}{\376\377\000D\000o\000c\000k\000e\000r\000\040\000z\000a\000g\000o\000n}{section.14}% 59
\BOOKMARK [2][-]{subsection.14.4}{\376\377\000P\000r\000e\000v\000e\000r\000j\000a\000n\000j\000e\000\040\000d\000e\000l\000o\000v\000a\000n\000j\000a}{section.14}% 60
\BOOKMARK [3][-]{subsubsection.14.4.1}{\376\377\000J\000a\000v\000n\000i\000\040\000G\000E\000T\000\040\000z\000a\000h\000t\000e\000v\000e\000k}{subsection.14.4}% 61
\BOOKMARK [3][-]{subsubsection.14.4.2}{\376\377\000V\000s\000e\000b\000i\000n\000s\000k\000o\000\040\000p\000o\000g\000a\000j\000a\000n\000j\000e\000\040\000i\000n\000\040\000p\000o\000d\000p\000r\000t\000i\000\040\000f\000o\000r\000m\000a\000t\000i}{subsection.14.4}% 62
\BOOKMARK [3][-]{subsubsection.14.4.3}{\376\377\000L\000D\000A\000P\000\040\000a\000v\000t\000o\000r\000i\000z\000a\000c\000i\000j\000a}{subsection.14.4}% 63
\BOOKMARK [3][-]{subsubsection.14.4.4}{\376\377\000P\000o\000t\000r\000d\000i\000t\000e\000v\000\040\000T\000L\000S\000\040\000c\000e\000r\000t\000i\000f\000i\000k\000a\000t\000a}{subsection.14.4}% 64
\BOOKMARK [3][-]{subsubsection.14.4.5}{\376\377\000G\000r\000a\000p\000h\000Q\000L}{subsection.14.4}% 65
\BOOKMARK [3][-]{subsubsection.14.4.6}{\376\377\000S\000c\000r\000i\000p\000t\000u\000m\000\137\000k\000p}{subsection.14.4}% 66
\BOOKMARK [1][-]{section.15}{\376\377\000R\000a\000f\000t}{}% 67
\BOOKMARK [2][-]{subsection.15.1}{\376\377\000B\000r\000a\000n\000j\000e\000\040\000b\000a\000z\000e}{section.15}% 68
